Day01: Part2: captcha' -> (1284, 2.71)
Day02: Part1: checksum -> (34925, 2.96)
Day03: Part1: distance -> (371, 9.12)
Day03: Part2: number -> (369601, 3.7399999999999998)
Day04: Part1: countvalid -> (383, 2.5)
Day04: Part2: countvalid -> (265, 2.58)
Day05: Part1: countsteps -> (372139, 8.42)
TODO - Day05: Part2: dummy -> (0, 0)
Day06: Part1: cycles -> (14029, 21.919999999999998)
Day06: Part2: cycles -> (2765, 24.96)
Day07: Part1: findroot -> (uownj, 3.89)
Day07: Part2: correctweight -> (596, 5.21)
Day08: Part1: maxregister -> (4163, 5.07)
Day08: Part2: maxregisters -> (5347, 6.14)
Day09: Part1: score -> (10800, 2.8)
Day09: Part2: chars -> (4522, 2.57)
[0m[0m[0m[0mDay10: Part2: hash -> (2f8c3d2100fdd57cec130d928b0fd2dd, 27.63)
[0m[0m[0m[0mDay12: Part1: programs -> (152, 4.58)
TODO - Day14: Part1: dummy -> (0, 0)
TODO - Day14: Part2: dummy -> (0, 0)
TODO - Day15: Part1: dummy -> (0, 0)
TODO - Day17: Part2: dummy -> (0, 0)
[0m[0m[0m[0mDay20: Part2: nocollisions -> (648, 17.87)
[0m[0m[0m[0mDay21: Part1: after5 -> (205, 3.56)
[0m[0m[0m[0mDay21: Part2: after18 -> (3389823, 569.6899999999999)
[0m[0m[0m[0mDay22: Part1: simple -> (5305, 4.32)
TODO - Day22: Part2: dummy -> (0, 0)
[0m[0m[0m[0mDay23: Part1: run -> (6724, 4.25)
[0m[0m[0m[0mDay23: Part2: run -> (903, 0.22999999999999998)
[0m[0m[0m[0mDay24: Part1: strongest -> (1695, 193.13)
[0m[0m[0m[0mDay24: Part2: longest -> (1673, 226.32999999999998)
TODO - Day25: Part1: dummy -> (0, 0)
