Day01: Part1: captcha -> (1223, 0.000901734)
Day01: Part2: captcha' -> (1284, 0.043205805)
Day02: Part1: checksum -> (34925, 0.002060539)
Day02: Part2: checksum -> (221, 0.00005859)
Day03: Part1: distance -> (371, 0.230478983)
Day03: Part2: number -> (369601, 0.000134956)
Day04: Part1: countvalid -> (383, 0.008335795)
Day04: Part2: countvalid -> (265, 0.002446681)
Day05: Part1: countsteps -> (372139, 0.167777727)
Day05: Part2: countsteps -> (29629538, 12.551944219)
Day06: Part1: cycles -> (14029, 0.352563006)
Day06: Part2: cycles -> (2765, 0.37608315999999997)
Day07: Part1: findroot -> (uownj, 0.03108979)
Day07: Part2: correctweight -> (596, 0.023223191)
Day08: Part1: maxregister -> (4163, 0.021672039)
Day08: Part2: maxregisters -> (5347, 0.001309977)
Day09: Part1: score -> (10800, 0.002689842)
Day09: Part2: chars -> (4522, 0.000569281)
Day10: Part1: knot -> (4114, 0.000661889)
Day10: Part2: hash -> (2f8c3d2100fdd57cec130d928b0fd2dd, 0.171942414)
Day11: Part1: steps -> (810, 0.00872535)
Day11: Part2: max -> (1567, 0.003985173)
Day12: Part1: programs -> (152, 0.028363715)
Day12: Part2: groups -> (186, 0.06489371099999999)
Day13: Part1: score -> (1632, 0.000585394)
Day13: Part2: pass -> (3834136, 25.480490695)
Day14: Part1: used -> (8292, 5.150118169)
Day14: Part2: regions -> (1069, 42.737668468)
Day15: Part1: count -> (594, 3.9524287339999997)
Day15: Part2: count -> (328, 2.405936348)
Day16: Part1: moves -> (bijankplfgmeodhc, 0.079879708)
Day16: Part2: dance -> (bpjahknliomefdgc, 5.178190849)
Day17: Part1: next -> (1311, 0.1161441)
Day17: Part2: zero -> (39170601, 1.080717627)
Day18: Part1: frequency -> (3188, 0.001021701)
TODO - Day18: Part2: deadlock -> (7112, 0.0000014639999999999999)
Day19: Part1: path -> (PVBSCMEQHY, 0.056363188)
Day19: Part2: steps -> (17736, 0.046188696)
Day20: Part1: findclosest -> (243, 0.57059928)
Day20: Part2: nocollisions -> (648, 0.844914968)
Day21: Part1: after5 -> (205, 0.002700028)
Day21: Part2: after18 -> (3389823, 43.705687223)
Day22: Part1: simple -> (5305, 0.017264018)
Day22: Part2: advanced -> (2511424, 35.558701067)
Day23: Part1: run -> (6724, 0.036146235)
Day23: Part2: run -> (903, 0.0051684389999999995)
Day24: Part1: strongest -> (1695, 2.379851107)
Day24: Part2: longest -> (1673, 2.41617633)
Day25: Part1: run -> (4769, 13.774038646)
