
> Task :run
Day01: Part1: captcha -> (1223, 25)
Day01: Part2: captcha -> (1284, 5)
Day02: Part1: checksum -> (34925, 7)
Day02: Part2: checksum -> (221, 66)
Day03: Part1: distance -> (371, 129)
Day03: Part2: number -> (369601, 23)
Day04: Part1: countvalid -> (383, 9)
Day04: Part2: countvalid -> (265, 47)
Day05: Part1: countsteps -> (372139, 58)
Day05: Part2: countsteps -> (29629538, 441)
Day06: Part1: cycles -> (14029, 175)
Day06: Part2: cycles -> (2765, 105)
Day07: Part1: findroot -> (uownj, 63)
Day07: Part2: correctweight -> (596, 168)
Day08: Part1: maxregister -> (4163, 33)
Day08: Part2: maxregisters -> (5347, 15)
Day09: Part1: score -> (10800, 21)
Day09: Part2: chars -> (4522, 4)
Day10: Part1: knot -> (4114, 14)
Day10: Part2: hash -> (2f8c3d2100fdd57cec130d928b0fd2dd, 2524)
Day11: Part1: steps -> (810, 8)
Day11: Part2: max -> (1567, 7)
Day12: Part1: programs -> (152, 18)
Day12: Part2: groups -> (186, 33)
Day13: Part1: score -> (1632, 8)
Day13: Part2: pass -> (3834136, 140)
Day14: Part1: used -> (8292, 103927)
Day14: Part2: regions -> (1069, 98755)
Day15: Part1: count -> (594, 6011)
Day15: Part2: count -> (328, 2266)
Day16: Part1: moves -> (bijankplfgmeodhc, 413)
Day16: Part2: dance -> (bpjahknliomefdgc, 30260)
Day17: Part1: next -> (1311, 7)
Day17: Part2: zero -> (39170601, 64701)
Day18: Part1: frequency -> (3188, 42)
Day18: Part2: deadlock -> (7112, 1076)
Day19: Part1: path -> (PVBSCMEQHY, 13)
Day19: Part2: steps -> (17736, 3)
Day20: Part1: findclosest -> (243, 96)
Day20: Part2: nocollisions -> (648, 276)
Day21: Part1: after5 -> (205, 34)
Day21: Part2: after18 -> (3389823, 384774)
Day22: Part1: simple -> (5305, 53)
Day22: Part2: advanced -> (2511424, 556)
Day23: Part1: run -> (6724, 109)
Day23: Part2: run -> (903, 92)
Day24: Part1: strongest -> (1695, 42203)
Day24: Part2: longest -> (1673, 37681)
Day25: Part1: run -> (4769, 203)

Deprecated Gradle features were used in this build, making it incompatible with Gradle 6.0.
Use '--warning-mode all' to show the individual deprecation warnings.
See https://docs.gradle.org/5.0/userguide/command_line_interface.html#sec:command_line_warnings

BUILD SUCCESSFUL in 13m 0s
3 actionable tasks: 1 executed, 2 up-to-date
