[0m[[0minfo[0m] [0mLoading project definition from /home/roland/Development/Home/scala-aoc-2017/project[0m
[0m[[0minfo[0m] [0mSet current project to scala-aoc-2017 (in build file:/home/roland/Development/Home/scala-aoc-2017/)[0m
[0m[[0minfo[0m] [0mLinking (2869 ms)[0m
[0m[[0minfo[0m] [0mDiscovered 2000 classes and 13746 methods[0m
[0m[[0minfo[0m] [0mOptimizing (5044 ms)[0m
[0m[[0minfo[0m] [0mGenerating intermediate code (1910 ms)[0m
[0m[[0minfo[0m] [0mProduced 43 files[0m
[0m[[0minfo[0m] [0mCompiling to native code (1980 ms)[0m
[0m[[0minfo[0m] [0mLinking native code (233 ms)[0m
Day01: Part1: captcha -> (1223,38)
Day01: Part2: captcha -> (1284,58)
Day02: Part1: checksum -> (34925,1)
Day02: Part2: checksum -> (221,1)
Day03: Part1: distance -> (371,1117)
Day03: Part2: number -> (369601,1)
Day04: Part1: countvalid -> (383,12)
Day04: Part2: countvalid -> (265,21)
Day05: Part1: countsteps -> (372139,355)
Day05: Part2: countsteps -> (29629538,23652)
Day06: Part1: cycles -> (14029,3829)
Day06: Part2: cycles -> (2765,4185)
Day07: Part1: findroot -> (uownj,226)
Day07: Part2: correctweight -> (596,649)
Day08: Part1: maxregister -> (4163,197)
Day08: Part2: maxregisters -> (5347,199)
Day09: Part1: score -> (10800,2)
Day09: Part2: chars -> (4522,1)
Day10: Part1: knot -> (4114,264)
Day10: Part2: hash -> (2f8c3d2100fdd57cec130d928b0fd2dd,45063)
Day11: Part1: steps -> (810,2)
Day11: Part2: max -> (1567,3)
Day12: Part1: programs -> (152,192)
Day12: Part2: groups -> (186,223)
Day13: Part1: score -> (1632,2)
Day13: Part2: pass -> (3834136,1568)
Day14: Part1: used -> (8292,1754526)
Day14: Part2: regions -> (1069,1512718)
Day15: Part1: count -> (594,24125)
Day15: Part2: count -> (328,5238)
Day16: Part1: moves -> (bijankplfgmeodhc,87)
Day16: Part2: dance -> (bpjahknliomefdgc,3135)
Day17: Part1: next -> (1311,146)
Day17: Part2: zero -> (39170601,2055507)
Day18: Part1: frequency -> (0,0)
Day18: Part2: deadlock -> (0,0)
Day19: Part1: path -> (PVBSCMEQHY,1)
Day19: Part2: steps -> (17736,1)
Day20: Part1: findclosest -> (243,629)
Day20: Part2: nocollisions -> (648,14414)
Day21: Part1: after5 -> (0,0)
Day21: Part2: after18 -> (0,0)
Day22: Part1: simple -> (5305,69)
Day22: Part2: advanced -> (2511424,2821)
Day23: Part1: run -> (6724,116)
Day23: Part2: run -> (903,756)
Day24: Part1: strongest -> (1695,4291668)
Day24: Part2: longest -> (1673,4081930)
Day25: Part1: run -> (0,0)
[0m[[32msuccess[0m] [0mTotal time: 13843 s, completed Dec 2, 2018 10:03:05 PM[0m
