[0m[[0minfo[0m] [0mLoading project definition from /home/roland/Development/Home/scala-aoc-2017/project[0m
[0m[[0minfo[0m] [0mSet current project to scala-aoc-2017 (in build file:/home/roland/Development/Home/scala-aoc-2017/)[0m
[0m[[0minfo[0m] [0mRunning aoc.Main [0m
Day01: Part1: captcha -> (1223,170)
Day01: Part2: captcha -> (1284,88)
Day02: Part1: checksum -> (34925,17)
Day02: Part2: checksum -> (221,27)
Day03: Part1: distance -> (371,245)
Day03: Part2: number -> (369601,35)
Day04: Part1: countvalid -> (383,44)
Day04: Part2: countvalid -> (265,34)
Day05: Part1: countsteps -> (372139,139)
Day05: Part2: countsteps -> (29629538,1595)
Day06: Part1: cycles -> (14029,241)
Day06: Part2: cycles -> (2765,177)
Day07: Part1: findroot -> (uownj,74)
Day07: Part2: correctweight -> (596,141)
Day08: Part1: maxregister -> (4163,38)
Day08: Part2: maxregisters -> (5347,18)
Day09: Part1: score -> (10800,40)
Day09: Part2: chars -> (4522,5)
Day10: Part1: knot -> (4114,43)
Day10: Part2: hash -> (2f8c3d2100fdd57cec130d928b0fd2dd,7890)
Day11: Part1: steps -> (810,16)
Day11: Part2: max -> (1567,1)
Day12: Part1: programs -> (152,33)
Day12: Part2: groups -> (186,27)
Day13: Part1: score -> (1632,35)
Day13: Part2: pass -> (3834136,106)
Day14: Part1: used -> (8292,299427)
Day14: Part2: regions -> (1069,347592)
Day15: Part1: count -> (594,4316)
Day15: Part2: count -> (328,1700)
Day16: Part1: moves -> (bijankplfgmeodhc,127)
Day16: Part2: dance -> (bpjahknliomefdgc,482)
Day17: Part1: next -> (1311,69)
Day17: Part2: zero -> (39170601,24405)
Day18: Part1: frequency -> (3188,84)
Day18: Part2: deadlock -> (7112,1132)
Day19: Part1: path -> (PVBSCMEQHY,26)
Day19: Part2: steps -> (17736,2)
Day20: Part1: findclosest -> (243,90)
Day20: Part2: nocollisions -> (648,384)
Day21: Part1: after5 -> (205,164)
Day21: Part2: after18 -> (3389823,95726)
Day22: Part1: simple -> (5305,72)
Day22: Part2: advanced -> (2511424,430)
Day23: Part1: run -> (6724,105)
Day23: Part2: run -> (903,199)
Day24: Part1: strongest -> (1695,754831)
Day24: Part2: longest -> (1673,820901)
Day25: Part1: run -> (4769,207)
[0m[[32msuccess[0m] [0mTotal time: 2365 s, completed Dec 2, 2018 4:14:23 PM[0m
