[0m[[0minfo[0m] [0mLoading global plugins from /home/roland/.sbt/0.13/plugins[0m
[0m[[0minfo[0m] [0mLoading project definition from /home/roland/Development/Home/scala-aoc-2017/project[0m
[0m[[0minfo[0m] [0mSet current project to scala-aoc-2017 (in build file:/home/roland/Development/Home/scala-aoc-2017/)[0m
[0m[[0minfo[0m] [0mRunning aoc.Main [0m
Day01: Part1: captcha -> (1223,135)
Day01: Part2: captcha -> (1284,139)
Day02: Part1: checksum -> (34925,4)
Day02: Part2: checksum -> (221,10)
Day03: Part1: distance -> (371,334)
Day03: Part2: number -> (369601,31)
Day04: Part1: countvalid -> (383,44)
Day04: Part2: countvalid -> (265,30)
Day05: Part1: countsteps -> (372139,153)
Day05: Part2: countsteps -> (29629538,1741)
Day06: Part1: cycles -> (14029,256)
Day06: Part2: cycles -> (2765,185)
Day07: Part1: findroot -> (uownj,31)
Day07: Part2: correctweight -> (596,125)
Day08: Part1: maxregister -> (4163,16)
Day08: Part2: maxregisters -> (5347,13)
Day09: Part1: score -> (10800,9)
Day09: Part2: chars -> (4522,2)
Day10: Part1: knot -> (4114,20)
Day10: Part2: hash -> (2f8c3d2100fdd57cec130d928b0fd2dd,8410)
Day11: Part1: steps -> (810,8)
Day11: Part2: max -> (1567,2)
Day12: Part1: programs -> (152,24)
Day12: Part2: groups -> (186,33)
Day13: Part1: score -> (1632,6)
Day13: Part2: pass -> (3834136,279)
Day14: Part1: used -> (8292,299368)
Day14: Part2: regions -> (1069,303732)
Day15: Part1: count -> (594,3421)
Day15: Part2: count -> (328,1649)
Day16: Part1: moves -> (bijankplfgmeodhc,94)
Day16: Part2: dance -> (bpjahknliomefdgc,449)
Day17: Part1: next -> (1311,54)
Day17: Part2: zero -> (39170601,22912)
Day18: Part1: frequency -> (3188,26)
Day18: Part2: deadlock -> (7112,1138)
Day19: Part1: path -> (PVBSCMEQHY,21)
Day19: Part2: steps -> (17736,4)
Day20: Part1: findclosest -> (243,71)
Day20: Part2: nocollisions -> (648,430)
Day21: Part1: after5 -> (205,75)
Day21: Part2: after18 -> (3389823,73728)
Day22: Part1: simple -> (5305,45)
Day22: Part2: advanced -> (2511424,383)
Day23: Part1: run -> (6724,91)
Day23: Part2: run -> (903,164)
Day24: Part1: strongest -> (1695,625022)
Day24: Part2: longest -> (1673,20360118)
Day25: Part1: run -> (4769,174)
[0m[[32msuccess[0m] [0mTotal time: 21706 s, completed 29-Jul-2018 18:17:34[0m
