Starting a Gradle Daemon (subsequent builds will be faster)
Day01: Part1: captcha -> (1223, 20)
Day01: Part2: captcha -> (1284, 3)
Day02: Part1: checksum -> (34925, 4)
Day02: Part2: checksum -> (221, 44)
Day03: Part1: distance -> (371, 82)
Day03: Part2: number -> (369601, 8)
Day04: Part1: countvalid -> (383, 5)
Day04: Part2: countvalid -> (265, 24)
Day05: Part1: countsteps -> (372139, 40)
Day05: Part2: countsteps -> (29629538, 303)
Day06: Part1: cycles -> (14029, 141)
Day06: Part2: cycles -> (2765, 105)
Day07: Part1: findroot -> (uownj, 52)
Day07: Part2: correctweight -> (596, 141)
Day08: Part1: maxregister -> (4163, 18)
Day08: Part2: maxregisters -> (5347, 11)
Day09: Part1: score -> (10800, 8)
Day09: Part2: chars -> (4522, 4)
Day10: Part1: knot -> (4114, 9)
Day10: Part2: hash -> (2f8c3d2100fdd57cec130d928b0fd2dd, 2161)
Day11: Part1: steps -> (810, 5)
Day11: Part2: max -> (1567, 5)
Day12: Part1: programs -> (152, 9)
Day12: Part2: groups -> (186, 28)
Day13: Part1: score -> (1632, 3)
Day13: Part2: pass -> (3834136, 107)
Day14: Part1: used -> (8292, 69848)
Day14: Part2: regions -> (1069, 72075)
Day15: Part1: count -> (594, 3893)
Day15: Part2: count -> (328, 1777)
Day16: Part1: moves -> (bijankplfgmeodhc, 312)
Day16: Part2: dance -> (bpjahknliomefdgc, 19137)
Day17: Part1: next -> (1311, 8)
Day17: Part2: zero -> (39170601, 44634)
Day18: Part1: frequency -> (3188, 13)
Day18: Part2: deadlock -> (7112, 1062)
Day19: Part1: path -> (PVBSCMEQHY, 11)
Day19: Part2: steps -> (17736, 2)
Day20: Part1: findclosest -> (243, 95)
Day20: Part2: nocollisions -> (648, 263)
Day21: Part1: after5 -> (205, 22)
Day21: Part2: after18 -> (3389823, 359981)
Day22: Part1: simple -> (5305, 30)
Day22: Part2: advanced -> (2511424, 378)
Day23: Part1: run -> (6724, 69)
Day23: Part2: run -> (903, 58)
Day24: Part1: strongest -> (1695, 34869)
Day24: Part2: longest -> (1673, 36376)
Day25: Part1: run -> (4769, 192)

BUILD SUCCESSFUL in 10m 54s
3 actionable tasks: 1 executed, 2 up-to-date
